c:\users\ziang\onedrive\work_space\csci-566\project\csci566_gmg_project\midifeatureextractor\midifeatureextractor\debug\midifeatureextractor.pch
c:\users\ziang\onedrive\work_space\csci-566\project\csci566_gmg_project\midifeatureextractor\midifeatureextractor\debug\vc141.pdb
c:\users\ziang\onedrive\work_space\csci-566\project\csci566_gmg_project\midifeatureextractor\midifeatureextractor\debug\vc141.idb
c:\users\ziang\onedrive\work_space\csci-566\project\csci566_gmg_project\midifeatureextractor\midifeatureextractor\debug\pch.obj
c:\users\ziang\onedrive\work_space\csci-566\project\csci566_gmg_project\midifeatureextractor\midifeatureextractor\debug\options.obj
c:\users\ziang\onedrive\work_space\csci-566\project\csci566_gmg_project\midifeatureextractor\midifeatureextractor\debug\midimessage.obj
c:\users\ziang\onedrive\work_space\csci-566\project\csci566_gmg_project\midifeatureextractor\midifeatureextractor\debug\midifile.obj
c:\users\ziang\onedrive\work_space\csci-566\project\csci566_gmg_project\midifeatureextractor\midifeatureextractor\debug\midifeatureextractor.obj
c:\users\ziang\onedrive\work_space\csci-566\project\csci566_gmg_project\midifeatureextractor\midifeatureextractor\debug\midieventlist.obj
c:\users\ziang\onedrive\work_space\csci-566\project\csci566_gmg_project\midifeatureextractor\midifeatureextractor\debug\midievent.obj
c:\users\ziang\onedrive\work_space\csci-566\project\csci566_gmg_project\midifeatureextractor\midifeatureextractor\debug\binasc.obj
c:\users\ziang\onedrive\work_space\csci-566\project\csci566_gmg_project\midifeatureextractor\debug\midifeatureextractor.pdb
c:\users\ziang\onedrive\work_space\csci-566\project\csci566_gmg_project\midifeatureextractor\debug\midifeatureextractor.exe
c:\users\ziang\onedrive\work_space\csci-566\project\csci566_gmg_project\midifeatureextractor\debug\midifeatureextractor.ilk
c:\users\ziang\onedrive\work_space\csci-566\project\csci566_gmg_project\midifeatureextractor\midifeatureextractor\debug\midifeat.eef61f0c.tlog\cl.command.1.tlog
c:\users\ziang\onedrive\work_space\csci-566\project\csci566_gmg_project\midifeatureextractor\midifeatureextractor\debug\midifeat.eef61f0c.tlog\cl.read.1.tlog
c:\users\ziang\onedrive\work_space\csci-566\project\csci566_gmg_project\midifeatureextractor\midifeatureextractor\debug\midifeat.eef61f0c.tlog\cl.write.1.tlog
c:\users\ziang\onedrive\work_space\csci-566\project\csci566_gmg_project\midifeatureextractor\midifeatureextractor\debug\midifeat.eef61f0c.tlog\link.command.1.tlog
c:\users\ziang\onedrive\work_space\csci-566\project\csci566_gmg_project\midifeatureextractor\midifeatureextractor\debug\midifeat.eef61f0c.tlog\link.read.1.tlog
c:\users\ziang\onedrive\work_space\csci-566\project\csci566_gmg_project\midifeatureextractor\midifeatureextractor\debug\midifeat.eef61f0c.tlog\link.write.1.tlog
